# JRE version: OpenJDK Runtime Environment (11.0.8+10) (build 11.0.8+10-b944.6842174)
# Java VM: OpenJDK 64-Bit Server VM (11.0.8+10-b944.6842174, mixed mode, tiered, compressed oops, g1 gc, bsd-amd64)
Heap:
 garbage-first heap   total 262144K, used 180913K [0x0000000780000000, 0x0000000800000000)
  region size 1024K, 22 young (22528K), 1 survivors (1024K)
 Metaspace       used 134968K, capacity 138384K, committed 138788K, reserved 1169408K
  class space    used 17310K, capacity 18631K, committed 18724K, reserved 1048576K
GC Heap History (20 events):
Event: 19.959 GC heap before
{Heap before GC invocations=27 (full 0):
 garbage-first heap   total 262144K, used 152261K [0x0000000780000000, 0x0000000800000000)
  region size 1024K, 22 young (22528K), 2 survivors (2048K)
 Metaspace       used 107315K, capacity 110076K, committed 110500K, reserved 1144832K
  class space    used 13873K, capacity 14944K, committed 15012K, reserved 1048576K
}
Event: 19.963 GC heap after
{Heap after GC invocations=28 (full 0):
 garbage-first heap   total 262144K, used 134755K [0x0000000780000000, 0x0000000800000000)
  region size 1024K, 3 young (3072K), 3 survivors (3072K)
 Metaspace       used 107315K, capacity 110076K, committed 110500K, reserved 1144832K
  class space    used 13873K, capacity 14944K, committed 15012K, reserved 1048576K
}
Event: 20.857 GC heap before
{Heap before GC invocations=29 (full 0):
 garbage-first heap   total 262144K, used 212579K [0x0000000780000000, 0x0000000800000000)
  region size 1024K, 74 young (75776K), 3 survivors (3072K)
 Metaspace       used 114637K, capacity 117489K, committed 117924K, reserved 1150976K
  class space    used 14594K, capacity 15705K, committed 15780K, reserved 1048576K
}
Event: 20.864 GC heap after
{Heap after GC invocations=30 (full 0):
 garbage-first heap   total 262144K, used 150259K [0x0000000780000000, 0x0000000800000000)
  region size 1024K, 10 young (10240K), 10 survivors (10240K)
 Metaspace       used 114637K, capacity 117489K, committed 117924K, reserved 1150976K
  class space    used 14594K, capacity 15705K, committed 15780K, reserved 1048576K
}
Event: 20.986 GC heap before
{Heap before GC invocations=30 (full 0):
 garbage-first heap   total 262144K, used 151283K [0x0000000780000000, 0x0000000800000000)
  region size 1024K, 12 young (12288K), 10 survivors (10240K)
 Metaspace       used 115069K, capacity 117937K, committed 118180K, reserved 1150976K
  class space    used 14648K, capacity 15769K, committed 15780K, reserved 1048576K
}
Event: 20.993 GC heap after
{Heap after GC invocations=31 (full 0):
 garbage-first heap   total 262144K, used 151345K [0x0000000780000000, 0x0000000800000000)
  region size 1024K, 2 young (2048K), 2 survivors (2048K)
 Metaspace       used 115069K, capacity 117937K, committed 118180K, reserved 1150976K
  class space    used 14648K, capacity 15769K, committed 15780K, reserved 1048576K
}
Event: 22.627 GC heap before
{Heap before GC invocations=31 (full 0):
 garbage-first heap   total 262144K, used 210737K [0x0000000780000000, 0x0000000800000000)
  region size 1024K, 60 young (61440K), 2 survivors (2048K)
 Metaspace       used 120396K, capacity 123264K, committed 123684K, reserved 1157120K
  class space    used 15279K, capacity 16364K, committed 16420K, reserved 1048576K
}
Event: 22.639 GC heap after
{Heap after GC invocations=32 (full 0):
 garbage-first heap   total 262144K, used 153409K [0x0000000780000000, 0x0000000800000000)
  region size 1024K, 6 young (6144K), 6 survivors (6144K)
 Metaspace       used 120396K, capacity 123264K, committed 123684K, reserved 1157120K
  class space    used 15279K, capacity 16364K, committed 16420K, reserved 1048576K
}
Event: 22.963 GC heap before
{Heap before GC invocations=33 (full 0):
 garbage-first heap   total 262144K, used 213825K [0x0000000780000000, 0x0000000800000000)
  region size 1024K, 64 young (65536K), 6 survivors (6144K)
 Metaspace       used 122236K, capacity 125248K, committed 125732K, reserved 1159168K
  class space    used 15482K, capacity 16614K, committed 16676K, reserved 1048576K
}
Event: 22.971 GC heap after
{Heap after GC invocations=34 (full 0):
 garbage-first heap   total 262144K, used 163464K [0x0000000780000000, 0x0000000800000000)
  region size 1024K, 8 young (8192K), 8 survivors (8192K)
 Metaspace       used 122236K, capacity 125248K, committed 125732K, reserved 1159168K
  class space    used 15482K, capacity 16614K, committed 16676K, reserved 1048576K
}
Event: 22.999 GC heap before
{Heap before GC invocations=34 (full 0):
 garbage-first heap   total 262144K, used 167560K [0x0000000780000000, 0x0000000800000000)
  region size 1024K, 12 young (12288K), 8 survivors (8192K)
 Metaspace       used 122443K, capacity 125486K, committed 125988K, reserved 1159168K
  class space    used 15508K, capacity 16650K, committed 16676K, reserved 1048576K
}
Event: 23.008 GC heap after
{Heap after GC invocations=35 (full 0):
 garbage-first heap   total 262144K, used 158246K [0x0000000780000000, 0x0000000800000000)
  region size 1024K, 2 young (2048K), 2 survivors (2048K)
 Metaspace       used 122443K, capacity 125486K, committed 125988K, reserved 1159168K
  class space    used 15508K, capacity 16650K, committed 16676K, reserved 1048576K
}
Event: 24.159 GC heap before
{Heap before GC invocations=35 (full 0):
 garbage-first heap   total 262144K, used 212518K [0x0000000780000000, 0x0000000800000000)
  region size 1024K, 56 young (57344K), 2 survivors (2048K)
 Metaspace       used 130533K, capacity 133848K, committed 134052K, reserved 1165312K
  class space    used 16762K, capacity 18035K, committed 18084K, reserved 1048576K
}
Event: 24.175 GC heap after
{Heap after GC invocations=36 (full 0):
 garbage-first heap   total 262144K, used 161733K [0x0000000780000000, 0x0000000800000000)
  region size 1024K, 5 young (5120K), 5 survivors (5120K)
 Metaspace       used 130533K, capacity 133848K, committed 134052K, reserved 1165312K
  class space    used 16762K, capacity 18035K, committed 18084K, reserved 1048576K
}
Event: 25.041 GC heap before
{Heap before GC invocations=37 (full 0):
 garbage-first heap   total 262144K, used 214981K [0x0000000780000000, 0x0000000800000000)
  region size 1024K, 58 young (59392K), 5 survivors (5120K)
 Metaspace       used 133127K, capacity 136506K, committed 136740K, reserved 1167360K
  class space    used 17061K, capacity 18398K, committed 18468K, reserved 1048576K
}
Event: 25.046 GC heap after
{Heap after GC invocations=38 (full 0):
 garbage-first heap   total 262144K, used 162503K [0x0000000780000000, 0x0000000800000000)
  region size 1024K, 5 young (5120K), 5 survivors (5120K)
 Metaspace       used 133127K, capacity 136506K, committed 136740K, reserved 1167360K
  class space    used 17061K, capacity 18398K, committed 18468K, reserved 1048576K
}
Event: 25.085 GC heap before
{Heap before GC invocations=38 (full 0):
 garbage-first heap   total 262144K, used 171719K [0x0000000780000000, 0x0000000800000000)
  region size 1024K, 12 young (12288K), 5 survivors (5120K)
 Metaspace       used 133153K, capacity 136507K, committed 136740K, reserved 1167360K
  class space    used 17061K, capacity 18398K, committed 18468K, reserved 1048576K
}
Event: 25.094 GC heap after
{Heap after GC invocations=39 (full 0):
 garbage-first heap   total 262144K, used 157487K [0x0000000780000000, 0x0000000800000000)
  region size 1024K, 2 young (2048K), 2 survivors (2048K)
 Metaspace       used 133153K, capacity 136507K, committed 136740K, reserved 1167360K
  class space    used 17061K, capacity 18398K, committed 18468K, reserved 1048576K
}
Event: 25.266 GC heap before
{Heap before GC invocations=39 (full 0):
 garbage-first heap   total 262144K, used 196399K [0x0000000780000000, 0x0000000800000000)
  region size 1024K, 42 young (43008K), 2 survivors (2048K)
 Metaspace       used 133476K, capacity 136807K, committed 136996K, reserved 1167360K
  class space    used 17095K, capacity 18407K, committed 18468K, reserved 1048576K
}
Event: 25.272 GC heap after
{Heap after GC invocations=40 (full 0):
 garbage-first heap   total 262144K, used 156337K [0x0000000780000000, 0x0000000800000000)
  region size 1024K, 1 young (1024K), 1 survivors (1024K)
 Metaspace       used 133476K, capacity 136807K, committed 136996K, reserved 1167360K
  class space    used 17095K, capacity 18407K, committed 18468K, reserved 1048576K
}

